<?xml version="1.0" encoding="UTF-8"?>
<testsuite name="com.example.lms.LmsApplicationTests" tests="1" skipped="0" failures="0" errors="0" timestamp="2023-02-27T10:31:49" hostname="aram-Lenovo" time="0.209">
  <properties/>
  <testcase name="contextLoads()" classname="com.example.lms.LmsApplicationTests" time="0.209"/>
  <system-out><![CDATA[14:31:44.343 [Test worker] DEBUG org.springframework.boot.test.context.SpringBootTestContextBootstrapper - Neither @ContextConfiguration nor @ContextHierarchy found for test class [LmsApplicationTests]: using SpringBootContextLoader
14:31:44.348 [Test worker] DEBUG org.springframework.test.context.support.AbstractContextLoader - Could not detect default resource locations for test class [com.example.lms.LmsApplicationTests]: no resource found for suffixes {-context.xml, Context.groovy}.
14:31:44.349 [Test worker] INFO org.springframework.test.context.support.AnnotationConfigContextLoaderUtils - Could not detect default configuration classes for test class [com.example.lms.LmsApplicationTests]: LmsApplicationTests does not declare any static, non-private, non-final, nested classes annotated with @Configuration.
14:31:44.377 [Test worker] DEBUG org.springframework.boot.test.context.SpringBootTestContextBootstrapper - Using ContextCustomizers for test class [LmsApplicationTests]: [DisableObservabilityContextCustomizer, PropertyMappingContextCustomizer, Customizer, ExcludeFilterContextCustomizer, DuplicateJsonObjectContextCustomizer, MockitoContextCustomizer, TestRestTemplateContextCustomizer]
14:31:44.458 [Test worker] DEBUG org.springframework.context.annotation.ClassPathScanningCandidateComponentProvider - Identified candidate component class: file [/home/aram/LearningManagementSystem/LMS/build/classes/java/main/com/example/lms/LmsApplication.class]
14:31:44.460 [Test worker] INFO org.springframework.boot.test.context.SpringBootTestContextBootstrapper - Found @SpringBootConfiguration com.example.lms.LmsApplication for test class com.example.lms.LmsApplicationTests
14:31:44.564 [Test worker] DEBUG org.springframework.boot.test.context.SpringBootTestContextBootstrapper - Using TestExecutionListeners for test class [LmsApplicationTests]: [ServletTestExecutionListener, DirtiesContextBeforeModesTestExecutionListener, ApplicationEventsTestExecutionListener, MockitoTestExecutionListener, DependencyInjectionTestExecutionListener, DirtiesContextTestExecutionListener, TransactionalTestExecutionListener, SqlScriptsTestExecutionListener, EventPublishingTestExecutionListener, RestDocsTestExecutionListener, MockRestServiceServerResetTestExecutionListener, MockMvcPrintOnlyOnFailureTestExecutionListener, WebDriverTestExecutionListener, MockWebServiceServerTestExecutionListener, ResetMocksTestExecutionListener]
14:31:44.566 [Test worker] DEBUG org.springframework.test.context.support.AbstractDirtiesContextTestExecutionListener - Before test class: class [LmsApplicationTests], class annotated with @DirtiesContext [false] with mode [null]

  .   ____          _            __ _ _
 /\\ / ___'_ __ _ _(_)_ __  __ _ \ \ \ \
( ( )\___ | '_ | '_| | '_ \/ _` | \ \ \ \
 \\/  ___)| |_)| | | | | || (_| |  ) ) ) )
  '  |____| .__|_| |_|_| |_\__, | / / / /
 =========|_|==============|___/=/_/_/_/
 :: Spring Boot ::                (v3.0.1)

2023-02-27T14:31:44.978+04:00  INFO 103002 --- [    Test worker] com.example.lms.LmsApplicationTests      : Starting LmsApplicationTests using Java 18.0.2-ea with PID 103002 (started by aram in /home/aram/LearningManagementSystem/LMS)
2023-02-27T14:31:44.980+04:00  INFO 103002 --- [    Test worker] com.example.lms.LmsApplicationTests      : No active profile set, falling back to 1 default profile: "default"
2023-02-27T14:31:45.778+04:00  INFO 103002 --- [    Test worker] .s.d.r.c.RepositoryConfigurationDelegate : Bootstrapping Spring Data JPA repositories in DEFAULT mode.
2023-02-27T14:31:45.850+04:00  INFO 103002 --- [    Test worker] .s.d.r.c.RepositoryConfigurationDelegate : Finished Spring Data repository scanning in 64 ms. Found 7 JPA repository interfaces.
2023-02-27T14:31:46.419+04:00  INFO 103002 --- [    Test worker] o.hibernate.jpa.internal.util.LogHelper  : HHH000204: Processing PersistenceUnitInfo [name: default]
2023-02-27T14:31:46.476+04:00  INFO 103002 --- [    Test worker] org.hibernate.Version                    : HHH000412: Hibernate ORM core version 6.1.6.Final
2023-02-27T14:31:46.660+04:00  WARN 103002 --- [    Test worker] org.hibernate.orm.deprecation            : HHH90000021: Encountered deprecated setting [javax.persistence.sharedCache.mode], use [jakarta.persistence.sharedCache.mode] instead
2023-02-27T14:31:46.814+04:00  INFO 103002 --- [    Test worker] com.zaxxer.hikari.HikariDataSource       : HikariPool-1 - Starting...
2023-02-27T14:31:47.103+04:00  INFO 103002 --- [    Test worker] com.zaxxer.hikari.pool.HikariPool        : HikariPool-1 - Added connection org.postgresql.jdbc.PgConnection@16d41725
2023-02-27T14:31:47.105+04:00  INFO 103002 --- [    Test worker] com.zaxxer.hikari.HikariDataSource       : HikariPool-1 - Start completed.
2023-02-27T14:31:47.176+04:00  INFO 103002 --- [    Test worker] SQL dialect                              : HHH000400: Using dialect: org.hibernate.dialect.PostgreSQLDialect
2023-02-27T14:31:48.503+04:00  INFO 103002 --- [    Test worker] o.h.e.t.j.p.i.JtaPlatformInitiator       : HHH000490: Using JtaPlatform implementation: [org.hibernate.engine.transaction.jta.platform.internal.NoJtaPlatform]
2023-02-27T14:31:48.516+04:00  INFO 103002 --- [    Test worker] j.LocalContainerEntityManagerFactoryBean : Initialized JPA EntityManagerFactory for persistence unit 'default'
2023-02-27T14:31:48.995+04:00  WARN 103002 --- [    Test worker] JpaBaseConfiguration$JpaWebConfiguration : spring.jpa.open-in-view is enabled by default. Therefore, database queries may be performed during view rendering. Explicitly configure spring.jpa.open-in-view to disable this warning
2023-02-27T14:31:49.593+04:00  INFO 103002 --- [    Test worker] com.example.lms.LmsApplicationTests      : Started LmsApplicationTests in 4.991 seconds (process running for 6.216)
]]></system-out>
  <system-err><![CDATA[]]></system-err>
</testsuite>
